TN:
SF:index.js
FN:6,(anonymous_0)
FNF:1
FNH:0
FNDA:0,(anonymous_0)
DA:1,0
DA:2,0
DA:3,0
DA:4,0
DA:5,0
DA:6,0
DA:7,0
LF:7
LH:0
BRF:0
BRH:0
end_of_record
TN:
SF:src/api/people.js
FN:8,people
FN:28,(anonymous_1)
FNF:2
FNH:2
FNDA:4,people
FNDA:3,(anonymous_1)
DA:1,1
DA:2,1
DA:3,1
DA:4,1
DA:5,1
DA:6,1
DA:7,1
DA:9,4
DA:10,4
DA:11,1
DA:12,3
DA:13,3
DA:14,2
DA:17,2
DA:18,1
DA:19,1
DA:21,1
DA:22,1
DA:27,1
DA:28,3
DA:30,1
DA:31,1
DA:32,1
DA:34,0
DA:38,1
LF:25
LH:24
BRDA:10,0,0,1
BRDA:10,0,1,3
BRDA:13,1,0,1
BRDA:13,1,1,2
BRDA:17,2,0,1
BRDA:17,2,1,1
BRF:6
BRH:6
end_of_record
TN:
SF:src/functions/concatUrl.js
FN:1,concatUrl
FNF:1
FNH:1
FNDA:4,concatUrl
DA:2,4
DA:5,1
LF:2
LH:2
BRF:0
BRH:0
end_of_record
TN:
SF:src/functions/findRelation.js
FN:3,findRelation
FN:4,(anonymous_1)
FNF:2
FNH:2
FNDA:4,findRelation
FNDA:4,(anonymous_1)
DA:1,1
DA:2,1
DA:4,4
DA:5,4
DA:6,3
DA:7,3
DA:12,3
DA:16,3
DA:18,0
DA:23,1
LF:10
LH:9
BRDA:5,0,0,1
BRDA:5,0,1,3
BRF:2
BRH:2
end_of_record
TN:
SF:src/functions/getCache.js
FN:2,getCache
FNF:1
FNH:1
FNDA:24,getCache
DA:1,1
DA:3,24
DA:4,23
DA:5,23
DA:10,23
DA:11,23
DA:12,15
DA:14,0
DA:18,1
LF:9
LH:8
BRDA:3,0,0,1
BRDA:3,0,1,23
BRDA:11,1,0,8
BRDA:11,1,1,15
BRF:4
BRH:4
end_of_record
TN:
SF:src/functions/getUrlsPeoples.js
FN:1,getUrlsPeoples
FN:4,(anonymous_1)
FN:9,(anonymous_2)
FN:13,(anonymous_3)
FNF:4
FNH:4
FNDA:15,getUrlsPeoples
FNDA:34,(anonymous_1)
FNDA:2,(anonymous_2)
FNDA:18,(anonymous_3)
DA:2,15
DA:3,6
DA:4,34
DA:6,6
DA:8,9
DA:9,2
DA:10,1
DA:12,8
DA:13,18
DA:14,8
DA:18,1
LF:11
LH:11
BRDA:2,0,0,6
BRDA:2,0,1,9
BRDA:8,1,0,1
BRDA:8,1,1,8
BRDA:12,2,0,8
BRDA:12,2,1,0
BRF:6
BRH:5
end_of_record
TN:
SF:src/functions/loopRequest.js
FN:6,loopRequest
FN:7,(anonymous_1)
FNF:2
FNH:2
FNDA:6,loopRequest
FNDA:6,(anonymous_1)
DA:1,1
DA:2,1
DA:3,1
DA:4,1
DA:5,1
DA:7,6
DA:8,6
DA:9,5
DA:10,5
DA:11,12
DA:12,12
DA:13,5
DA:14,5
DA:15,5
DA:16,2
DA:20,7
DA:21,7
DA:23,7
DA:24,7
DA:26,7
DA:27,3
DA:31,5
DA:35,1
LF:23
LH:23
BRDA:8,0,0,1
BRDA:8,0,1,5
BRDA:12,1,0,5
BRDA:12,1,1,7
BRDA:14,2,0,4
BRDA:14,2,1,1
BRDA:15,3,0,2
BRDA:15,3,1,3
BRDA:24,4,0,6
BRDA:24,4,1,1
BRDA:26,5,0,3
BRDA:26,5,1,4
BRF:12
BRH:12
end_of_record
TN:
SF:src/functions/request.js
FN:5,Request
FN:6,(anonymous_1)
FNF:2
FNH:2
FNDA:6,Request
FNDA:6,(anonymous_1)
DA:1,1
DA:2,1
DA:3,1
DA:4,1
DA:6,6
DA:7,6
DA:8,6
DA:9,5
DA:10,5
DA:11,5
DA:12,5
DA:13,5
DA:15,1
DA:20,1
LF:14
LH:14
BRDA:8,0,0,1
BRDA:8,0,1,5
BRDA:10,1,0,1
BRDA:10,1,1,4
BRF:4
BRH:4
end_of_record
TN:
SF:src/functions/setCache.js
FN:2,setCache
FNF:1
FNH:1
FNDA:16,setCache
DA:1,1
DA:3,16
DA:4,16
DA:9,16
DA:10,15
DA:12,1
DA:15,1
LF:7
LH:7
BRF:0
BRH:0
end_of_record
TN:
SF:src/functions/setResponse.js
FN:1,setResponse
FN:4,(anonymous_1)
FNF:2
FNH:2
FNDA:3,setResponse
FNDA:6,(anonymous_1)
DA:2,3
DA:3,1
DA:4,6
DA:5,2
DA:9,2
DA:12,1
LF:6
LH:6
BRDA:2,0,0,1
BRDA:2,0,1,2
BRDA:2,1,0,3
BRDA:2,1,1,2
BRF:4
BRH:4
end_of_record
TN:
SF:src/middlewares/logger.js
FN:1,middlewareLogger
FNF:1
FNH:1
FNDA:4,middlewareLogger
DA:2,4
DA:7,4
DA:10,1
LF:3
LH:3
BRF:0
BRH:0
end_of_record
TN:
SF:src/routes/routes.js
FN:6,(anonymous_0)
FN:7,(anonymous_1)
FNF:2
FNH:2
FNDA:4,(anonymous_0)
FNDA:4,(anonymous_1)
DA:1,1
DA:2,1
DA:3,1
DA:4,1
DA:6,4
DA:7,4
DA:9,1
LF:7
LH:7
BRF:0
BRH:0
end_of_record
